DEBUG   2017-04-13 19:18:53,717 [main] ulebankLogger  - Sample debug message. Funciona :D
INFO    2017-04-13 19:18:53,718 [main] ulebankLogger  - Sample info message
WARN    2017-04-13 19:18:53,718 [main] ulebankLogger  - Sample warn message
ERROR   2017-04-13 19:18:53,718 [main] ulebankLogger  - Sample error message
FATAL   2017-04-13 19:18:53,718 [main] ulebankLogger  - Sample fatal message
DEBUG   2017-04-13 19:19:13,396 [main] ulebankLogger  - Sample debug message. Funciona :D
INFO    2017-04-13 19:19:13,397 [main] ulebankLogger  - Sample info message
WARN    2017-04-13 19:19:13,397 [main] ulebankLogger  - Sample warn message
ERROR   2017-04-13 19:19:13,397 [main] ulebankLogger  - Sample error message
FATAL   2017-04-13 19:19:13,397 [main] ulebankLogger  - Sample fatal message
DEBUG   2017-04-13 19:43:05,950 [main] ulebankLogger  - Sample debug message. Funciona :D
INFO    2017-04-13 19:43:05,951 [main] ulebankLogger  - Sample info message
WARN    2017-04-13 19:43:05,951 [main] ulebankLogger  - Sample warn message
ERROR   2017-04-13 19:43:05,951 [main] ulebankLogger  - Sample error message
FATAL   2017-04-13 19:43:05,951 [main] ulebankLogger  - Sample fatal message
DEBUG   2017-04-17 18:36:16,003 [main] ulebankLogger  - Sample debug message. Funciona :D
INFO    2017-04-17 18:36:16,048 [main] ulebankLogger  - Sample info message
WARN    2017-04-17 18:36:16,048 [main] ulebankLogger  - Sample warn message
ERROR   2017-04-17 18:36:16,048 [main] ulebankLogger  - Sample error message
FATAL   2017-04-17 18:36:16,048 [main] ulebankLogger  - Sample fatal message
DEBUG   2017-04-17 18:54:37,687 [main] ulebankLogger  - Sample debug message. Funciona :D
INFO    2017-04-17 18:54:37,688 [main] ulebankLogger  - Sample info message
WARN    2017-04-17 18:54:37,688 [main] ulebankLogger  - Sample warn message
ERROR   2017-04-17 18:54:37,688 [main] ulebankLogger  - Sample error message
FATAL   2017-04-17 18:54:37,689 [main] ulebankLogger  - Sample fatal message
DEBUG   2017-04-17 19:41:23,812 [main] ulebankLogger  - Sample debug message. Funciona :D
INFO    2017-04-17 19:41:23,817 [main] ulebankLogger  - Sample info message
WARN    2017-04-17 19:41:23,817 [main] ulebankLogger  - Sample warn message
ERROR   2017-04-17 19:41:23,817 [main] ulebankLogger  - Sample error message
FATAL   2017-04-17 19:41:23,817 [main] ulebankLogger  - Sample fatal message
DEBUG   2017-04-18 11:32:00,580 [main] ulebankLogger  - Sample debug message. Funciona :D
INFO    2017-04-18 11:32:00,591 [main] ulebankLogger  - Sample info message
WARN    2017-04-18 11:32:00,591 [main] ulebankLogger  - Sample warn message
ERROR   2017-04-18 11:32:00,591 [main] ulebankLogger  - Sample error message
FATAL   2017-04-18 11:32:00,591 [main] ulebankLogger  - Sample fatal message
DEBUG   2017-04-18 11:52:23,273 [main] ulebankLogger  - Sample debug message. Funciona :D
INFO    2017-04-18 11:52:23,275 [main] ulebankLogger  - Sample info message
WARN    2017-04-18 11:52:23,275 [main] ulebankLogger  - Sample warn message
ERROR   2017-04-18 11:52:23,275 [main] ulebankLogger  - Sample error message
FATAL   2017-04-18 11:52:23,275 [main] ulebankLogger  - Sample fatal message
DEBUG   2017-04-18 12:35:25,170 [main] ulebankLogger  - Sample debug message. Funciona :D
INFO    2017-04-18 12:35:25,172 [main] ulebankLogger  - Sample info message
WARN    2017-04-18 12:35:25,172 [main] ulebankLogger  - Sample warn message
ERROR   2017-04-18 12:35:25,172 [main] ulebankLogger  - Sample error message
FATAL   2017-04-18 12:35:25,172 [main] ulebankLogger  - Sample fatal message
